<?xml version="1.0" encoding="UTF-8"?>
<!-- Generated by org.testng.reporters.JUnitReportReporter -->
<testsuite skipped="0" hostname="DESKTOP-Q3OL5F5" name="com.surveyMonkey.testCases.TC002_validateSignupFree" tests="1" failures="0" timestamp="2022-08-01T13:22:54 EDT" time="1.664" errors="0">
  <testcase name="SignupFreeTestCase" time="1.664" classname="com.surveyMonkey.testCases.TC002_validateSignupFree"/>
  <system-out/>
</testsuite> <!-- com.surveyMonkey.testCases.TC002_validateSignupFree -->
