<?xml version="1.0" encoding="UTF-8"?>
<!-- Generated by org.testng.reporters.JUnitReportReporter -->
<testsuite skipped="0" hostname="DESKTOP-Q3OL5F5" name="com.surveyMonkey.testCases.TC001_verifyLoginPageIsDisplayed" tests="1" failures="0" timestamp="01 Aug 2022 17:55:08 GMT" time="8.129" errors="0">
  <testcase name="loginTestCase" time="8.129" classname="com.surveyMonkey.testCases.TC001_verifyLoginPageIsDisplayed"/>
</testsuite> <!-- com.surveyMonkey.testCases.TC001_verifyLoginPageIsDisplayed -->
