<?xml version="1.0" encoding="UTF-8"?>
<!-- Generated by org.testng.reporters.JUnitReportReporter -->
<testsuite skipped="0" hostname="DESKTOP-Q3OL5F5" name="com.surveyMonkey.testCases.TC002_validateSignupFree" tests="1" failures="0" timestamp="01 Aug 2022 17:55:08 GMT" time="1.375" errors="0">
  <testcase name="SignupFreeTestCase" time="1.375" classname="com.surveyMonkey.testCases.TC002_validateSignupFree"/>
</testsuite> <!-- com.surveyMonkey.testCases.TC002_validateSignupFree -->
